#
# A fatal error has been detected by the Java Runtime Environment:
#
#  EXCEPTION_ACCESS_VIOLATION (0xc0000005) at pc=0x000000007110b5db, pid=14772, tid=13012
#
# JRE version: Java(TM) SE Runtime Environment (23.0.2+7) (build 23.0.2+7-58)
# Java VM: Java HotSpot(TM) 64-Bit Server VM (23.0.2+7-58, mixed mode, sharing, tiered, compressed oops, compressed class ptrs, g1 gc, windows-amd64)
# Problematic frame:
# C  [jSSC-2.8_x86_64.dll+0xb5db]
#
# No core dump will be written. Minidumps are not enabled by default on client versions of Windows
#
# If you would like to submit a bug report, please visit:
#   https://bugreport.java.com/bugreport/crash.jsp
# The crash happened outside the Java Virtual Machine in native code.
# See problematic frame for where to report the bug.
#

---------------  S U M M A R Y ------------

Command Line: -Dfile.encoding=UTF-8 --module-path=C:\Users\ALEJO\Documents\NetBeansProjects\softwareMotor\build\classes softwaremotor.Home

Host: AMD Ryzen 5 5500U with Radeon Graphics         , 12 cores, 5G,  Windows 11 , 64 bit Build 22621 (10.0.22621.4974)
Time: Mon Mar 17 17:47:27 2025 Hora est. Pacífico, Sudamérica elapsed time: 0.488570 seconds (0d 0h 0m 0s)

---------------  T H R E A D  ---------------

Current thread (0x000001d47fc87700):  JavaThread "AWT-EventQueue-0"        [_thread_in_native, id=13012, stack(0x0000004ed7400000,0x0000004ed7500000) (1024K)]

Stack: [0x0000004ed7400000,0x0000004ed7500000],  sp=0x0000004ed74fedc0,  free space=1019k
Native frames: (J=compiled Java code, j=interpreted, Vv=VM code, C=native code)
C  [jSSC-2.8_x86_64.dll+0xb5db]  (no source info available)
C  [jSSC-2.8_x86_64.dll+0x12590]  (no source info available)
C  [jSSC-2.8_x86_64.dll+0x1595]  (no source info available)
C  0x000001d40753d207  (no source info available)

The last pc belongs to native method entry point (kind = native) (printed below).
Java frames: (J=compiled Java code, j=interpreted, Vv=VM code)
j  jssc.SerialNativeInterface.openPort(Ljava/lang/String;Z)J+0
j  jssc.SerialPort.openPort()Z+65
j  com.panamahitek.PanamaHitek_Arduino.arduinoTX(Ljava/lang/String;I)V+58
j  SerialCommunication.ConnectionSerial.Connect(Ljava/lang/String;I)V+6
j  softwaremotor.Home.<init>()V+32
j  softwaremotor.Home$6.run()V+4
j  java.awt.event.InvocationEvent.dispatch()V+47 java.desktop@23.0.2
j  java.awt.EventQueue.dispatchEventImpl(Ljava/awt/AWTEvent;Ljava/lang/Object;)V+21 java.desktop@23.0.2
j  java.awt.EventQueue$4.run()Ljava/lang/Void;+32 java.desktop@23.0.2
j  java.awt.EventQueue$4.run()Ljava/lang/Object;+1 java.desktop@23.0.2
j  java.security.AccessController.executePrivileged(Ljava/security/PrivilegedAction;Ljava/security/AccessControlContext;Ljava/lang/Class;)Ljava/lang/Object;+29 java.base@23.0.2
j  java.security.AccessController.doPrivileged(Ljava/security/PrivilegedAction;Ljava/security/AccessControlContext;)Ljava/lang/Object;+13 java.base@23.0.2
j  java.security.ProtectionDomain$JavaSecurityAccessImpl.doIntersectionPrivilege(Ljava/security/PrivilegedAction;Ljava/security/AccessControlContext;Ljava/security/AccessControlContext;)Ljava/lang/Object;+18 java.base@23.0.2
j  java.awt.EventQueue.dispatchEvent(Ljava/awt/AWTEvent;)V+46 java.desktop@23.0.2
j  java.awt.EventDispatchThread.pumpOneEventForFilters(I)V+81 java.desktop@23.0.2
j  java.awt.EventDispatchThread.pumpEventsForFilter(ILjava/awt/Conditional;Ljava/awt/EventFilter;)V+35 java.desktop@23.0.2
j  java.awt.EventDispatchThread.pumpEventsForHierarchy(ILjava/awt/Conditional;Ljava/awt/Component;)V+11 java.desktop@23.0.2
j  java.awt.EventDispatchThread.pumpEvents(ILjava/awt/Conditional;)V+4 java.desktop@23.0.2
j  java.awt.EventDispatchThread.pumpEvents(Ljava/awt/Conditional;)V+3 java.desktop@23.0.2
j  java.awt.EventDispatchThread.run()V+9 java.desktop@23.0.2
v  ~StubRoutines::call_stub 0x000001d407530fcd

siginfo: EXCEPTION_ACCESS_VIOLATION (0xc0000005), reading address 0x00000000724f19d4


Registers:
RAX=0x00000000724f19d4, RBX=0x0000004ed74fee30, RCX=0x00007ffd9b4b05c4, RDX=0x0000000000000000
RSP=0x0000004ed74fedc0, RBP=0x0000004ed74fef40, RSI=0x000001d47fc87ac0, RDI=0x0000000000000a00
R8 =0x0000004ed74fecb8, R9 =0x0000000000000000, R10=0x0000000000000000, R11=0x0000000000000246
R12=0x0000004ed74feff8, R13=0x000001d457e0d8a0, R14=0x0000004ed74feef0, R15=0x000001d47fc87700
RIP=0x000000007110b5db, EFLAGS=0x0000000000010202


Register to memory mapping:

RAX=0x00000000724f19d4 is an unknown value
RBX=0x0000004ed74fee30 is pointing into the stack for thread: 0x000001d47fc87700
RCX=0x00007ffd9b4b05c4 ntdll.dll
RDX=0x0 is null
RSP=0x0000004ed74fedc0 is pointing into the stack for thread: 0x000001d47fc87700
RBP=0x0000004ed74fef40 is pointing into the stack for thread: 0x000001d47fc87700
RSI=0x000001d47fc87ac0 points into unknown readable memory: 0x00007ffd28096e10 | 10 6e 09 28 fd 7f 00 00
RDI=0x0000000000000a00 is an unknown value
R8 =0x0000004ed74fecb8 is pointing into the stack for thread: 0x000001d47fc87700
R9 =0x0 is null
R10=0x0 is null
R11=0x0000000000000246 is an unknown value
R12=0x0000004ed74feff8 is pointing into the stack for thread: 0x000001d47fc87700
R13=0x000001d457e0d8a0 points into unknown readable memory: 0x00000000334d4f43 | 43 4f 4d 33 00 00 00 00
R14=0x0000004ed74feef0 is pointing into the stack for thread: 0x000001d47fc87700
R15=0x000001d47fc87700 is a thread

Top of Stack: (sp=0x0000004ed74fedc0)
0x0000004ed74fedc0:   0000000000000000 000001d457de4540
0x0000004ed74fedd0:   000000007110b230 00007ffd275669d6
0x0000004ed74fede0:   000001d457eaf810 0000000000000004
0x0000004ed74fedf0:   000001d47fc87ac0 0000000000000a00
0x0000004ed74fee00:   0000004ed74fef40 0000000071112590
0x0000004ed74fee10:   000001d47fc87700 0000004ed74feef0
0x0000004ed74fee20:   000001d457e0d8a0 0000004ed74feff8
0x0000004ed74fee30:   000001d457e0d8a0 00007ffd9b44b001
0x0000004ed74fee40:   000001d457e0d890 000001d472350000
0x0000004ed74fee50:   0000004ed74fef40 0000000000000000
0x0000004ed74fee60:   0000000071113500 0000000071113be8
0x0000004ed74fee70:   0000004ed74feea0 0000000071112641
0x0000004ed74fee80:   0000004ed74fee10 000001d47fc87ac0
0x0000004ed74fee90:   0000000000000000 0000000000000000
0x0000004ed74feea0:   0000004ed74fef40 0000000071101595
0x0000004ed74feeb0:   000000000000001c 0000004e00000000
0x0000004ed74feec0:   0000000000000004 0000004ed74fef40
0x0000004ed74feed0:   000001d400000003 00007ffd40000000
0x0000004ed74feee0:   0000000000000000 000001d407557293
0x0000004ed74feef0:   334d4f435c2e5c5c 000001d47fc87700
0x0000004ed74fef00:   000001005c2e5c5c 000001d47fc87700
0x0000004ed74fef10:   000001d45270dd18 00000000000004ae
0x0000004ed74fef20:   000001d4520231e8 0000000000000000
0x0000004ed74fef30:   000001d45270dd18 0000004ed74ff000
0x0000004ed74fef40:   0000004ed74fefd0 000001d40753d207
0x0000004ed74fef50:   000001d4520231e8 000001d40753cef3
0x0000004ed74fef60:   000001d45270dd18 00000000000004ae
0x0000004ed74fef70:   0000004ed74feff0 000001d40753889a
0x0000004ed74fef80:   000001d40753ce9b fffffffffffffff7
0x0000004ed74fef90:   000001d45270dd18 0000000000000006
0x0000004ed74fefa0:   000001d45270f038 0000000000000000
0x0000004ed74fefb0:   00000000a7a39fb8 000001d45270dd18 

Instructions: (pc=0x000000007110b5db)
0x000000007110b4db:   48 85 c0 74 bf 44 8b 03 45 85 c0 0f 84 77 ff ff
0x000000007110b4eb:   ff eb 9f 66 90 e8 8b fe ff ff 48 89 05 0c 34 01
0x000000007110b4fb:   00 eb ad 66 90 e8 7b fe ff ff 48 89 05 fc 33 01
0x000000007110b50b:   00 eb 8b e8 8d fe ff ff c7 03 01 00 00 00 e9 6f
0x000000007110b51b:   ff ff ff 66 90 55 48 89 e5 56 53 48 83 ec 20 48
0x000000007110b52b:   8b 05 d7 33 01 00 48 8b 31 48 89 cb 48 85 c0 74
0x000000007110b53b:   56 44 8b 18 45 85 db 78 42 48 8b 05 bd 33 01 00
0x000000007110b54b:   48 85 c0 74 50 44 8b 10 45 85 d2 74 1d 48 89 f1
0x000000007110b55b:   e8 d0 fd ff ff 48 8b 13 48 8d 42 40 48 8b 48 08
0x000000007110b56b:   48 8b 6a 40 48 8b 60 10 ff e1 48 8b 05 9c 33 01
0x000000007110b57b:   00 48 85 c0 74 2d 48 89 30 eb da e8 b5 fe ff ff
0x000000007110b58b:   0f 1f 44 00 00 eb b2 e8 e9 fd ff ff 48 89 05 6a
0x000000007110b59b:   33 01 00 eb 9c e8 db fd ff ff 48 89 05 5c 33 01
0x000000007110b5ab:   00 eb a2 e8 3d fd ff ff 48 89 05 5e 33 01 00 eb
0x000000007110b5bb:   c5 0f 1f 40 00 55 57 56 53 48 83 ec 28 48 8b 05
0x000000007110b5cb:   39 33 01 00 48 89 cb 48 85 c0 0f 84 c5 00 00 00
0x000000007110b5db:   8b 38 85 ff 0f 88 ab 00 00 00 48 8b 05 1c 33 01
0x000000007110b5eb:   00 48 85 c0 0f 84 bc 00 00 00 8b 30 85 f6 74 57
0x000000007110b5fb:   48 8b 05 0e 33 01 00 48 85 c0 0f 84 e5 00 00 00
0x000000007110b60b:   8b 28 48 8b 35 10 5e 01 00 ff d6 89 c7 89 e9 ff
0x000000007110b61b:   15 f4 5e 01 00 89 f9 48 89 c5 ff 15 b9 5e 01 00
0x000000007110b62b:   48 8b 05 de 32 01 00 48 89 2b 48 85 c0 74 46 48
0x000000007110b63b:   89 da 8b 08 ff 15 d7 5e 01 00 85 c0 74 27 48 83
0x000000007110b64b:   c4 28 5b 5e 5f 5d c3 48 8b 05 bf 32 01 00 48 85
0x000000007110b65b:   c0 74 64 48 8b 10 48 89 13 48 89 18 48 83 c4 28
0x000000007110b66b:   5b 5e 5f 5d c3 48 89 f2 48 83 c4 28 5b 5e 5f 5d
0x000000007110b67b:   48 ff e2 66 90 e8 8b fc ff ff 48 89 05 84 32 01
0x000000007110b68b:   00 eb ac 66 90 e8 ab fd ff ff e9 4b ff ff ff 66
0x000000007110b69b:   0f 1f 44 00 00 e8 db fc ff ff 48 89 05 5c 32 01
0x000000007110b6ab:   00 e9 2a ff ff ff e8 ca fc ff ff 48 89 05 4b 32
0x000000007110b6bb:   01 00 e9 33 ff ff ff e8 29 fc ff ff 48 89 05 4a
0x000000007110b6cb:   32 01 00 48 8b 10 48 85 c0 48 89 13 75 8b e8 12 


Stack slot to memory mapping:

stack at sp + 0 slots: 0x0 is null
stack at sp + 1 slots: 0x000001d457de4540 points into unknown readable memory: 0x000001d472201380 | 80 13 20 72 d4 01 00 00
stack at sp + 2 slots: 0x000000007110b230 jSSC-2.8_x86_64.dll
stack at sp + 3 slots: 0x00007ffd275669d6 jvm.dll
stack at sp + 4 slots: 0x000001d457eaf810 points into unknown readable memory: 0x005c002e005c005c | 5c 00 5c 00 2e 00 5c 00
stack at sp + 5 slots: 0x0000000000000004 is an unknown value
stack at sp + 6 slots: 0x000001d47fc87ac0 points into unknown readable memory: 0x00007ffd28096e10 | 10 6e 09 28 fd 7f 00 00
stack at sp + 7 slots: 0x0000000000000a00 is an unknown value

Lock stack of current Java thread (top to bottom):

native method entry point (kind = native)  [0x000001d40753cde0, 0x000001d40753d938]  2904 bytes
[MachCode]
  0x000001d40753cde0: 488b 4b08 | 0fb7 492e | 584c 8d74 | ccf8 6800 | 0000 0068 | 0000 0000 | 5055 488b | ec41 5568 
  0x000001d40753ce00: 0000 0000 | 4c8b 6b08 | 4d8d 6d38 | 5348 8b53 | 0848 8b52 | 0848 8b52 | 1848 8b52 | 7048 8b12 
  0x000001d40753ce20: 5248 8b53 | 1048 85d2 | 0f84 0700 | 0000 4881 | c210 0100 | 0052 488b | 5308 488b | 5208 488b 
  0x000001d40753ce40: 5210 5249 | 8bc6 482b | c548 c1e8 | 0350 6800 | 0000 0068 | f7ff ffff | 41c6 8771 | 0400 0001 
  0x000001d40753ce60: 488b 4310 | 4885 c074 | 208b 88cc | 0000 0083 | c102 8988 | cc00 0000 | 2388 e000 | 0000 0f84 
  0x000001d40753ce80: 000a 0000 | e9cf 0000 | 0048 8b43 | 1848 85c0 | 0f85 b000 | 0000 e805 | 0000 00e9 | 9900 0000 
  0x000001d40753cea0: 488b d348 | 8d44 2408 | 4c89 6dc0 | 498b cfc5 | f877 4989 | afb0 0300 | 0049 8987 | a003 0000 
  0x000001d40753cec0: 4883 ec20 | 40f6 c40f | 0f84 1900 | 0000 4883 | ec08 48b8 | 8028 8827 | fd7f 0000 | ffd0 4883 
  0x000001d40753cee0: c408 e90c | 0000 0048 | b880 2888 | 27fd 7f00 | 00ff d048 | 83c4 2049 | c787 a003 | 0000 0000 
  0x000001d40753cf00: 0000 49c7 | 87b0 0300 | 0000 0000 | 0049 c787 | a803 0000 | 0000 0000 | c5f8 7749 | 837f 0800 
  0x000001d40753cf20: 0f84 0500 | 0000 e995 | 3fff ff4c | 8b6d c04c | 8b75 c84e | 8d74 f500 | c348 8b43 | 1848 85c0 
  0x000001d40753cf40: 0f84 1200 | 0000 8b48 | 0883 c102 | 8948 0823 | 481c 0f84 | 2c09 0000 | 493b a7e8 | 0400 000f 
  0x000001d40753cf60: 8748 0000 | 0089 8424 | 00f0 ffff | 8984 2400 | e0ff ff89 | 8424 00d0 | ffff 8984 | 2400 c0ff 
  0x000001d40753cf80: ff89 8424 | 00b0 ffff | 8984 2400 | a0ff ff89 | 8424 0090 | ffff 8984 | 2400 80ff | ff49 3ba7 
  0x000001d40753cfa0: e004 0000 | 7607 4989 | a7e8 0400 | 0041 c687 | 7104 0000 | 0049 ba41 | bd0f 28fd | 7f00 0041 
  0x000001d40753cfc0: 803a 000f | 843e 0000 | 0048 8b55 | e849 8bcf | 4883 ec20 | 40f6 c40f | 0f84 1900 | 0000 4883 
  0x000001d40753cfe0: ec08 48b8 | f0f0 bf27 | fd7f 0000 | ffd0 4883 | c408 e90c | 0000 0048 | b8f0 f0bf | 27fd 7f00 
  0x000001d40753d000: 00ff d048 | 83c4 2048 | 8b5d e84c | 8b5b 0845 | 0fb7 5b2e | 41c1 e303 | 492b e348 | 83ec 2048 
  0x000001d40753d020: 83e4 f04c | 8b5b 604d | 85db 0f85 | ab00 0000 | e805 0000 | 00e9 9900 | 0000 488b | d348 8d44 
  0x000001d40753d040: 2408 4c89 | 6dc0 498b | cfc5 f877 | 4989 afb0 | 0300 0049 | 8987 a003 | 0000 4883 | ec20 40f6 
  0x000001d40753d060: c40f 0f84 | 1900 0000 | 4883 ec08 | 48b8 e04f | 8827 fd7f | 0000 ffd0 | 4883 c408 | e90c 0000 
  0x000001d40753d080: 0048 b8e0 | 4f88 27fd | 7f00 00ff | d048 83c4 | 2049 c787 | a003 0000 | 0000 0000 | 49c7 87b0 
  0x000001d40753d0a0: 0300 0000 | 0000 0049 | c787 a803 | 0000 0000 | 0000 c5f8 | 7749 837f | 0800 0f84 | 0500 0000 
  0x000001d40753d0c0: e9fb 3dff | ff4c 8b6d | c04c 8b75 | c84e 8d74 | f500 c348 | 8b5d e84c | 8b5b 6041 | ffd3 488b 
  0x000001d40753d0e0: 5de8 4889 | 4518 448b | 5b28 41f6 | c308 0f84 | 1b00 0000 | 4c8b 5b08 | 4d8b 5b08 | 4d8b 5b18 
  0x000001d40753d100: 4d8b 5b70 | 4d8b 1b4c | 895d 1048 | 8d55 1048 | 8b43 5849 | ba40 3fc0 | 27fd 7f00 | 0049 3bc2 
  0x000001d40753d120: 0f85 ab00 | 0000 e805 | 0000 00e9 | 9900 0000 | 488b d348 | 8d44 2408 | 4c89 6dc0 | 498b cfc5 
  0x000001d40753d140: f877 4989 | afb0 0300 | 0049 8987 | a003 0000 | 4883 ec20 | 40f6 c40f | 0f84 1900 | 0000 4883 
  0x000001d40753d160: ec08 48b8 | e04f 8827 | fd7f 0000 | ffd0 4883 | c408 e90c | 0000 0048 | b8e0 4f88 | 27fd 7f00 
  0x000001d40753d180: 00ff d048 | 83c4 2049 | c787 a003 | 0000 0000 | 0000 49c7 | 87b0 0300 | 0000 0000 | 0049 c787 
  0x000001d40753d1a0: a803 0000 | 0000 0000 | c5f8 7749 | 837f 0800 | 0f84 0500 | 0000 e905 | 3dff ff4c | 8b6d c04c 
  0x000001d40753d1c0: 8b75 c84e | 8d74 f500 | c348 8b5d | e848 8b43 | 5849 8d8f | c003 0000 | c5f8 7749 | 89af b003 
  0x000001d40753d1e0: 0000 49ba | d8d1 5307 | d401 0000 | 4d89 97a8 | 0300 0049 | 89a7 a003 | 0000 41c7 | 8744 0400 
  0x000001d40753d200: 0004 0000 | 00ff d0c5 | f877 4883 | ec10 c5fb | 1104 2448 | 83ec 1048 | 8904 2448 | c744 2408 
  0x000001d40753d220: 0000 0000 | 41c7 8744 | 0400 0005 | 0000 00f0 | 8344 24c0 | 0049 3baf | 4804 0000 | 0f87 0e00 
  0x000001d40753d240: 0000 4183 | bf40 0400 | 0000 0f84 | 2000 0000 | 498b cf4c | 8be4 4883 | ec20 4883 | e4f0 48b8 
  0x000001d40753d260: 80ab 8927 | fd7f 0000 | ffd0 498b | e44d 33e4 | 41c7 8744 | 0400 0008 | 0000 0049 | c787 a003 
  0x000001d40753d280: 0000 0000 | 0000 49c7 | 87b0 0300 | 0000 0000 | 0049 c787 | a803 0000 | 0000 0000 | c5f8 774d 
  0x000001d40753d2a0: 8b9f 3004 | 0000 41c7 | 8300 0100 | 0000 0000 | 0049 bbda | a553 07d4 | 0100 004c | 3b5d 180f 
  0x000001d40753d2c0: 8524 0200 | 0048 8b04 | 2448 83c4 | 1048 85c0 | 0f84 fe01 | 0000 a803 | 0f85 0800 | 0000 488b 
  0x000001d40753d2e0: 00e9 ee01 | 0000 a801 | 0f85 0900 | 0000 488b | 40fe e9dd | 0100 0048 | 8b40 ff41 | 807f 3800 
  0x000001d40753d300: 0f84 ce01 | 0000 4883 | f800 0f84 | c401 0000 | 4d8b 5f28 | 4983 fb00 | 0f84 1400 | 0000 4983 
  0x000001d40753d320: eb08 4d89 | 5f28 4d03 | 5f30 4989 | 03e9 a201 | 0000 4881 | ecd0 0000 | 0048 8904 | 2448 894c 
  0x000001d40753d340: 2408 4889 | 5424 1048 | 8974 2418 | 4889 7c24 | 204c 8944 | 2428 4c89 | 4c24 304c | 8954 2438 
  0x000001d40753d360: 4c89 5c24 | 40c5 fb11 | 4424 50c5 | fb11 4c24 | 58c5 fb11 | 5424 60c5 | fb11 5c24 | 68c5 fb11 
  0x000001d40753d380: 6424 70c5 | fb11 6c24 | 78c5 fb11 | b424 8000 | 0000 c5fb | 11bc 2488 | 0000 00c5 | 7b11 8424 
  0x000001d40753d3a0: 9000 0000 | c57b 118c | 2498 0000 | 00c5 7b11 | 9424 a000 | 0000 c57b | 119c 24a8 | 0000 00c5 
  0x000001d40753d3c0: 7b11 a424 | b000 0000 | c57b 11ac | 24b8 0000 | 00c5 7b11 | b424 c000 | 0000 c57b | 11bc 24c8 
  0x000001d40753d3e0: 0000 0049 | 8bd7 488b | c848 83ec | 2040 f6c4 | 0f0f 8419 | 0000 0048 | 83ec 0848 | b800 097d 
  0x000001d40753d400: 27fd 7f00 | 00ff d048 | 83c4 08e9 | 0c00 0000 | 48b8 0009 | 7d27 fd7f | 0000 ffd0 | 4883 c420 
  0x000001d40753d420: c57b 10bc | 24c8 0000 | 00c5 7b10 | b424 c000 | 0000 c57b | 10ac 24b8 | 0000 00c5 | 7b10 a424 
  0x000001d40753d440: b000 0000 | c57b 109c | 24a8 0000 | 00c5 7b10 | 9424 a000 | 0000 c57b | 108c 2498 | 0000 00c5 
  0x000001d40753d460: 7b10 8424 | 9000 0000 | c5fb 10bc | 2488 0000 | 00c5 fb10 | b424 8000 | 0000 c5fb | 106c 2478 
  0x000001d40753d480: c5fb 1064 | 2470 c5fb | 105c 2468 | c5fb 1054 | 2460 c5fb | 104c 2458 | c5fb 1044 | 2450 4c8b 
  0x000001d40753d4a0: 5c24 404c | 8b54 2438 | 4c8b 4c24 | 304c 8b44 | 2428 488b | 7c24 2048 | 8b74 2418 | 488b 5424 
  0x000001d40753d4c0: 1048 8b4c | 2408 488b | 0424 4881 | c4d0 0000 | 00c5 f877 | 4889 4510 | 4883 ec10 | 4889 0424 
  0x000001d40753d4e0: 48c7 4424 | 0800 0000 | 0041 83bf | c804 0000 | 020f 85bf | 0000 0048 | 81ec 8000 | 0000 4889 
  0x000001d40753d500: 4424 7848 | 894c 2470 | 4889 5424 | 6848 895c | 2460 4889 | 6c24 5048 | 8974 2448 | 4889 7c24 
  0x000001d40753d520: 404c 8944 | 2438 4c89 | 4c24 304c | 8954 2428 | 4c89 5c24 | 204c 8964 | 2418 4c89 | 6c24 104c 
  0x000001d40753d540: 8974 2408 | 4c89 3c24 | 4c8b e448 | 83ec 2048 | 83e4 f048 | b8a0 25c0 | 27fd 7f00 | 00ff d049 
  0x000001d40753d560: 8be4 4c8b | 3c24 4c8b | 7424 084c | 8b6c 2410 | 4c8b 6424 | 184c 8b5c | 2420 4c8b | 5424 284c 
  0x000001d40753d580: 8b4c 2430 | 4c8b 4424 | 3848 8b7c | 2440 488b | 7424 4848 | 8b6c 2450 | 488b 5c24 | 6048 8b54 
  0x000001d40753d5a0: 2468 488b | 4c24 7048 | 8b44 2478 | 4881 c480 | 0000 004d | 33e4 488b | 5de8 4c8b | 6b08 4d8d 
  0x000001d40753d5c0: 6d38 4983 | 7f08 000f | 84bb 0000 | 00e8 0500 | 0000 e996 | 0000 0048 | 8d44 2408 | 4c89 6dc0 
  0x000001d40753d5e0: 498b cfc5 | f877 4989 | afb0 0300 | 0049 8987 | a003 0000 | 4883 ec20 | 40f6 c40f | 0f84 1900 
  0x000001d40753d600: 0000 4883 | ec08 48b8 | f06d 8827 | fd7f 0000 | ffd0 4883 | c408 e90c | 0000 0048 | b8f0 6d88 
  0x000001d40753d620: 27fd 7f00 | 00ff d048 | 83c4 2049 | c787 a003 | 0000 0000 | 0000 49c7 | 87b0 0300 | 0000 0000 
  0x000001d40753d640: 0049 c787 | a803 0000 | 0000 0000 | c5f8 7749 | 837f 0800 | 0f84 0500 | 0000 e961 | 38ff ff4c 
  0x000001d40753d660: 8b6d c04c | 8b75 c84e | 8d74 f500 | c348 b940 | e5e7 27fd | 7f00 0048 | 83e4 f048 | b850 4dae 
  0x000001d40753d680: 27fd 7f00 | 00ff d0f4 | 448b 5b28 | 41f6 c320 | 0f84 7901 | 0000 488d | 55a8 4c8b | 5a08 4d85 
  0x000001d40753d6a0: db0f 85bb | 0000 00e8 | 0500 0000 | e996 0000 | 0048 8d44 | 2408 4c89 | 6dc0 498b | cfc5 f877 
  0x000001d40753d6c0: 4989 afb0 | 0300 0049 | 8987 a003 | 0000 4883 | ec20 40f6 | c40f 0f84 | 1900 0000 | 4883 ec08 
  0x000001d40753d6e0: 48b8 206d | 8827 fd7f | 0000 ffd0 | 4883 c408 | e90c 0000 | 0048 b820 | 6d88 27fd | 7f00 00ff 
  0x000001d40753d700: d048 83c4 | 2049 c787 | a003 0000 | 0000 0000 | 49c7 87b0 | 0300 0000 | 0000 0049 | c787 a803 
  0x000001d40753d720: 0000 0000 | 0000 c5f8 | 7749 837f | 0800 0f84 | 0500 0000 | e987 37ff | ff4c 8b6d | c04c 8b75 
  0x000001d40753d740: c84e 8d74 | f500 c348 | b940 e5e7 | 27fd 7f00 | 0048 83e4 | f048 b850 | 4dae 27fd | 7f00 00ff 
  0x000001d40753d760: d0f4 4c89 | 6dc0 4c8b | 4a08 48c7 | 4208 0000 | 0000 458b | 8718 0600 | 004f 3b4c | 07f8 0f85 
  0x000001d40753d780: 4900 0000 | 4183 af18 | 0600 0008 | 4f3b 4c07 | f00f 842a | 0000 0049 | 8b01 a802 | 0f85 1200 
  0x000001d40753d7a0: 0000 4c8b | c049 83c8 | 01f0 4d0f | b101 0f84 | 0d00 0000 | 4183 8718 | 0600 0008 | e90c 0000 
  0x000001d40753d7c0: 0049 ff8f | 5005 0000 | e93e 0000 | 004c 894a | 0848 8bca | 4883 ec20 | 40f6 c40f | 0f84 1900 
  0x000001d40753d7e0: 0000 4883 | ec08 48b8 | e03f 8827 | fd7f 0000 | ffd0 4883 | c408 e90c | 0000 0048 | b8e0 3f88 
  0x000001d40753d800: 27fd 7f00 | 00ff d048 | 83c4 204c | 8b6d c049 | ba41 bd0f | 28fd 7f00 | 0041 803a | 000f 843e 
  0x000001d40753d820: 0000 0048 | 8b55 e849 | 8bcf 4883 | ec20 40f6 | c40f 0f84 | 1900 0000 | 4883 ec08 | 48b8 f0f0 
  0x000001d40753d840: bf27 fd7f | 0000 ffd0 | 4883 c408 | e90c 0000 | 0048 b8f0 | f0bf 27fd | 7f00 00ff | d048 83c4 
  0x000001d40753d860: 2048 8b04 | 2448 83c4 | 10c5 fb10 | 0424 4883 | c410 4c8b | 5d18 41ff | d34c 8b5d | f8c9 5f49 
  0x000001d40753d880: 8be3 ffe7 | ba00 0000 | 00e8 0500 | 0000 e996 | 0000 0048 | 8d44 2408 | 4c89 6dc0 | 498b cfc5 
  0x000001d40753d8a0: f877 4989 | afb0 0300 | 0049 8987 | a003 0000 | 4883 ec20 | 40f6 c40f | 0f84 1900 | 0000 4883 
  0x000001d40753d8c0: ec08 48b8 | 9033 8827 | fd7f 0000 | ffd0 4883 | c408 e90c | 0000 0048 | b890 3388 | 27fd 7f00 
  0x000001d40753d8e0: 00ff d048 | 83c4 2049 | c787 a003 | 0000 0000 | 0000 49c7 | 87b0 0300 | 0000 0000 | 0049 c787 
  0x000001d40753d900: a803 0000 | 0000 0000 | c5f8 7749 | 837f 0800 | 0f84 0500 | 0000 e9a5 | 35ff ff4c | 8b6d c04c 
  0x000001d40753d920: 8b75 c84e | 8d74 f500 | c348 8b5d | e8e9 26f6 | ffff 660f | 1f44 0000 
[/MachCode]

---------------  P R O C E S S  ---------------

Threads class SMR info:
_java_thread_list=0x000001d4563ed570, length=16, elements={
0x000001d47fc76570, 0x000001d47fc77330, 0x000001d47fc7be70, 0x000001d47fc7ea10,
0x000001d47fc837d0, 0x000001d47fc84910, 0x000001d47fc8a8d0, 0x000001d47fc9d4b0,
0x000001d47fc84280, 0x000001d45611e690, 0x000001d47fc869e0, 0x000001d47fc87070,
0x000001d47fc85cc0, 0x000001d47fc86350, 0x000001d47fc87700, 0x000001d47fc84fa0
}

Java Threads: ( => current thread )
  0x000001d47fc76570 JavaThread "Reference Handler"          daemon [_thread_blocked, id=9868, stack(0x0000004ed6600000,0x0000004ed6700000) (1024K)]
  0x000001d47fc77330 JavaThread "Finalizer"                  daemon [_thread_blocked, id=18052, stack(0x0000004ed6700000,0x0000004ed6800000) (1024K)]
  0x000001d47fc7be70 JavaThread "Signal Dispatcher"          daemon [_thread_blocked, id=7612, stack(0x0000004ed6800000,0x0000004ed6900000) (1024K)]
  0x000001d47fc7ea10 JavaThread "Attach Listener"            daemon [_thread_blocked, id=17488, stack(0x0000004ed6900000,0x0000004ed6a00000) (1024K)]
  0x000001d47fc837d0 JavaThread "Service Thread"             daemon [_thread_blocked, id=12028, stack(0x0000004ed6a00000,0x0000004ed6b00000) (1024K)]
  0x000001d47fc84910 JavaThread "Monitor Deflation Thread"   daemon [_thread_blocked, id=2792, stack(0x0000004ed6b00000,0x0000004ed6c00000) (1024K)]
  0x000001d47fc8a8d0 JavaThread "C2 CompilerThread0"         daemon [_thread_blocked, id=13664, stack(0x0000004ed6c00000,0x0000004ed6d00000) (1024K)]
  0x000001d47fc9d4b0 JavaThread "C1 CompilerThread0"         daemon [_thread_blocked, id=15292, stack(0x0000004ed6d00000,0x0000004ed6e00000) (1024K)]
  0x000001d47fc84280 JavaThread "Common-Cleaner"             daemon [_thread_blocked, id=8916, stack(0x0000004ed6e00000,0x0000004ed6f00000) (1024K)]
  0x000001d45611e690 JavaThread "C2 CompilerThread1"         daemon [_thread_blocked, id=17452, stack(0x0000004ed6f00000,0x0000004ed7000000) (1024K)]
  0x000001d47fc869e0 JavaThread "Notification Thread"        daemon [_thread_blocked, id=7392, stack(0x0000004ed7000000,0x0000004ed7100000) (1024K)]
  0x000001d47fc87070 JavaThread "Java2D Disposer"            daemon [_thread_blocked, id=7164, stack(0x0000004ed7100000,0x0000004ed7200000) (1024K)]
  0x000001d47fc85cc0 JavaThread "AWT-Shutdown"                      [_thread_blocked, id=16812, stack(0x0000004ed7200000,0x0000004ed7300000) (1024K)]
  0x000001d47fc86350 JavaThread "AWT-Windows"                daemon [_thread_in_native, id=5676, stack(0x0000004ed7300000,0x0000004ed7400000) (1024K)]
=>0x000001d47fc87700 JavaThread "AWT-EventQueue-0"                  [_thread_in_native, id=13012, stack(0x0000004ed7400000,0x0000004ed7500000) (1024K)]
  0x000001d47fc84fa0 JavaThread "DestroyJavaVM"                     [_thread_blocked, id=10280, stack(0x0000004ed5e00000,0x0000004ed5f00000) (1024K)]
Total: 16

Other Threads:
  0x000001d47fc607e0 VMThread "VM Thread"                           [id=8328, stack(0x0000004ed6500000,0x0000004ed6600000) (1024K)]
  0x000001d47fc4ddc0 WatcherThread "VM Periodic Task Thread"        [id=14428, stack(0x0000004ed6400000,0x0000004ed6500000) (1024K)]
  0x000001d4746c3680 WorkerThread "GC Thread#0"                     [id=9848, stack(0x0000004ed5f00000,0x0000004ed6000000) (1024K)]
  0x000001d4746d30e0 ConcurrentGCThread "G1 Main Marker"            [id=15532, stack(0x0000004ed6000000,0x0000004ed6100000) (1024K)]
  0x000001d4746d3da0 WorkerThread "G1 Conc#0"                       [id=6872, stack(0x0000004ed6100000,0x0000004ed6200000) (1024K)]
  0x000001d47473e5c0 ConcurrentGCThread "G1 Refine#0"               [id=8096, stack(0x0000004ed6200000,0x0000004ed6300000) (1024K)]
  0x000001d47fb22320 ConcurrentGCThread "G1 Service"                [id=5912, stack(0x0000004ed6300000,0x0000004ed6400000) (1024K)]
Total: 7

Threads with active compile tasks:
Total: 0

VM state: not at safepoint (normal execution)

VM Mutex/Monitor currently owned by a thread: None

Heap address: 0x00000000a2600000, size: 1498 MB, Compressed Oops mode: 32-bit

CDS archive(s) mapped at: [0x000001d411000000-0x000001d411d70000-0x000001d411d70000), size 14090240, SharedBaseAddress: 0x000001d411000000, ArchiveRelocationMode: 1.
Compressed class space mapped at: 0x000001d412000000-0x000001d452000000, reserved size: 1073741824
Narrow klass base: 0x000001d411000000, Narrow klass shift: 0, Narrow klass range: 0x41000000

GC Precious Log:
 CardTable entry size: 512
 Card Set container configuration: InlinePtr #cards 5 size 8 Array Of Cards #cards 10 size 36 Howl #buckets 4 coarsen threshold 1843 Howl Bitmap #cards 512 size 80 coarsen threshold 460 Card regions per heap region 1 cards per card region 2048
 CPUs: 12 total, 12 available
 Memory: 5989M
 Large Page Support: Disabled
 NUMA Support: Disabled
 Compressed Oops: Enabled (32-bit)
 Heap Region Size: 1M
 Heap Min Capacity: 8M
 Heap Initial Capacity: 94M
 Heap Max Capacity: 1498M
 Pre-touch: Disabled
 Parallel Workers: 10
 Concurrent Workers: 3
 Concurrent Refinement Workers: 10
 Periodic GC: Disabled

Heap:
 garbage-first heap   total reserved 1533952K, committed 96256K, used 9216K [0x00000000a2600000, 0x0000000100000000)
  region size 1024K, 10 young (10240K), 0 survivors (0K)
 Metaspace       used 8147K, committed 8384K, reserved 1114112K
  class space    used 958K, committed 1088K, reserved 1048576K

Heap Regions: E=young(eden), S=young(survivor), O=old, HS=humongous(starts), HC=humongous(continues), CS=collection set, F=free, TAMS=top-at-mark-start, PB=parsable bottom
|   0|0x00000000a2600000, 0x00000000a2600000, 0x00000000a2700000|  0%| F|  |TAMS 0x00000000a2600000| PB 0x00000000a2600000| Untracked |  0
|   1|0x00000000a2700000, 0x00000000a2700000, 0x00000000a2800000|  0%| F|  |TAMS 0x00000000a2700000| PB 0x00000000a2700000| Untracked |  0
|   2|0x00000000a2800000, 0x00000000a2800000, 0x00000000a2900000|  0%| F|  |TAMS 0x00000000a2800000| PB 0x00000000a2800000| Untracked |  0
|   3|0x00000000a2900000, 0x00000000a2900000, 0x00000000a2a00000|  0%| F|  |TAMS 0x00000000a2900000| PB 0x00000000a2900000| Untracked |  0
|   4|0x00000000a2a00000, 0x00000000a2a00000, 0x00000000a2b00000|  0%| F|  |TAMS 0x00000000a2a00000| PB 0x00000000a2a00000| Untracked |  0
|   5|0x00000000a2b00000, 0x00000000a2b00000, 0x00000000a2c00000|  0%| F|  |TAMS 0x00000000a2b00000| PB 0x00000000a2b00000| Untracked |  0
|   6|0x00000000a2c00000, 0x00000000a2c00000, 0x00000000a2d00000|  0%| F|  |TAMS 0x00000000a2c00000| PB 0x00000000a2c00000| Untracked |  0
|   7|0x00000000a2d00000, 0x00000000a2d00000, 0x00000000a2e00000|  0%| F|  |TAMS 0x00000000a2d00000| PB 0x00000000a2d00000| Untracked |  0
|   8|0x00000000a2e00000, 0x00000000a2e00000, 0x00000000a2f00000|  0%| F|  |TAMS 0x00000000a2e00000| PB 0x00000000a2e00000| Untracked |  0
|   9|0x00000000a2f00000, 0x00000000a2f00000, 0x00000000a3000000|  0%| F|  |TAMS 0x00000000a2f00000| PB 0x00000000a2f00000| Untracked |  0
|  10|0x00000000a3000000, 0x00000000a3000000, 0x00000000a3100000|  0%| F|  |TAMS 0x00000000a3000000| PB 0x00000000a3000000| Untracked |  0
|  11|0x00000000a3100000, 0x00000000a3100000, 0x00000000a3200000|  0%| F|  |TAMS 0x00000000a3100000| PB 0x00000000a3100000| Untracked |  0
|  12|0x00000000a3200000, 0x00000000a3200000, 0x00000000a3300000|  0%| F|  |TAMS 0x00000000a3200000| PB 0x00000000a3200000| Untracked |  0
|  13|0x00000000a3300000, 0x00000000a3300000, 0x00000000a3400000|  0%| F|  |TAMS 0x00000000a3300000| PB 0x00000000a3300000| Untracked |  0
|  14|0x00000000a3400000, 0x00000000a3400000, 0x00000000a3500000|  0%| F|  |TAMS 0x00000000a3400000| PB 0x00000000a3400000| Untracked |  0
|  15|0x00000000a3500000, 0x00000000a3500000, 0x00000000a3600000|  0%| F|  |TAMS 0x00000000a3500000| PB 0x00000000a3500000| Untracked |  0
|  16|0x00000000a3600000, 0x00000000a3600000, 0x00000000a3700000|  0%| F|  |TAMS 0x00000000a3600000| PB 0x00000000a3600000| Untracked |  0
|  17|0x00000000a3700000, 0x00000000a3700000, 0x00000000a3800000|  0%| F|  |TAMS 0x00000000a3700000| PB 0x00000000a3700000| Untracked |  0
|  18|0x00000000a3800000, 0x00000000a3800000, 0x00000000a3900000|  0%| F|  |TAMS 0x00000000a3800000| PB 0x00000000a3800000| Untracked |  0
|  19|0x00000000a3900000, 0x00000000a3900000, 0x00000000a3a00000|  0%| F|  |TAMS 0x00000000a3900000| PB 0x00000000a3900000| Untracked |  0
|  20|0x00000000a3a00000, 0x00000000a3a00000, 0x00000000a3b00000|  0%| F|  |TAMS 0x00000000a3a00000| PB 0x00000000a3a00000| Untracked |  0
|  21|0x00000000a3b00000, 0x00000000a3b00000, 0x00000000a3c00000|  0%| F|  |TAMS 0x00000000a3b00000| PB 0x00000000a3b00000| Untracked |  0
|  22|0x00000000a3c00000, 0x00000000a3c00000, 0x00000000a3d00000|  0%| F|  |TAMS 0x00000000a3c00000| PB 0x00000000a3c00000| Untracked |  0
|  23|0x00000000a3d00000, 0x00000000a3d00000, 0x00000000a3e00000|  0%| F|  |TAMS 0x00000000a3d00000| PB 0x00000000a3d00000| Untracked |  0
|  24|0x00000000a3e00000, 0x00000000a3e00000, 0x00000000a3f00000|  0%| F|  |TAMS 0x00000000a3e00000| PB 0x00000000a3e00000| Untracked |  0
|  25|0x00000000a3f00000, 0x00000000a3f00000, 0x00000000a4000000|  0%| F|  |TAMS 0x00000000a3f00000| PB 0x00000000a3f00000| Untracked |  0
|  26|0x00000000a4000000, 0x00000000a4000000, 0x00000000a4100000|  0%| F|  |TAMS 0x00000000a4000000| PB 0x00000000a4000000| Untracked |  0
|  27|0x00000000a4100000, 0x00000000a4100000, 0x00000000a4200000|  0%| F|  |TAMS 0x00000000a4100000| PB 0x00000000a4100000| Untracked |  0
|  28|0x00000000a4200000, 0x00000000a4200000, 0x00000000a4300000|  0%| F|  |TAMS 0x00000000a4200000| PB 0x00000000a4200000| Untracked |  0
|  29|0x00000000a4300000, 0x00000000a4300000, 0x00000000a4400000|  0%| F|  |TAMS 0x00000000a4300000| PB 0x00000000a4300000| Untracked |  0
|  30|0x00000000a4400000, 0x00000000a4400000, 0x00000000a4500000|  0%| F|  |TAMS 0x00000000a4400000| PB 0x00000000a4400000| Untracked |  0
|  31|0x00000000a4500000, 0x00000000a4500000, 0x00000000a4600000|  0%| F|  |TAMS 0x00000000a4500000| PB 0x00000000a4500000| Untracked |  0
|  32|0x00000000a4600000, 0x00000000a4600000, 0x00000000a4700000|  0%| F|  |TAMS 0x00000000a4600000| PB 0x00000000a4600000| Untracked |  0
|  33|0x00000000a4700000, 0x00000000a4700000, 0x00000000a4800000|  0%| F|  |TAMS 0x00000000a4700000| PB 0x00000000a4700000| Untracked |  0
|  34|0x00000000a4800000, 0x00000000a4800000, 0x00000000a4900000|  0%| F|  |TAMS 0x00000000a4800000| PB 0x00000000a4800000| Untracked |  0
|  35|0x00000000a4900000, 0x00000000a4900000, 0x00000000a4a00000|  0%| F|  |TAMS 0x00000000a4900000| PB 0x00000000a4900000| Untracked |  0
|  36|0x00000000a4a00000, 0x00000000a4a00000, 0x00000000a4b00000|  0%| F|  |TAMS 0x00000000a4a00000| PB 0x00000000a4a00000| Untracked |  0
|  37|0x00000000a4b00000, 0x00000000a4b00000, 0x00000000a4c00000|  0%| F|  |TAMS 0x00000000a4b00000| PB 0x00000000a4b00000| Untracked |  0
|  38|0x00000000a4c00000, 0x00000000a4c00000, 0x00000000a4d00000|  0%| F|  |TAMS 0x00000000a4c00000| PB 0x00000000a4c00000| Untracked |  0
|  39|0x00000000a4d00000, 0x00000000a4d00000, 0x00000000a4e00000|  0%| F|  |TAMS 0x00000000a4d00000| PB 0x00000000a4d00000| Untracked |  0
|  40|0x00000000a4e00000, 0x00000000a4e00000, 0x00000000a4f00000|  0%| F|  |TAMS 0x00000000a4e00000| PB 0x00000000a4e00000| Untracked |  0
|  41|0x00000000a4f00000, 0x00000000a4f00000, 0x00000000a5000000|  0%| F|  |TAMS 0x00000000a4f00000| PB 0x00000000a4f00000| Untracked |  0
|  42|0x00000000a5000000, 0x00000000a5000000, 0x00000000a5100000|  0%| F|  |TAMS 0x00000000a5000000| PB 0x00000000a5000000| Untracked |  0
|  43|0x00000000a5100000, 0x00000000a5100000, 0x00000000a5200000|  0%| F|  |TAMS 0x00000000a5100000| PB 0x00000000a5100000| Untracked |  0
|  44|0x00000000a5200000, 0x00000000a5200000, 0x00000000a5300000|  0%| F|  |TAMS 0x00000000a5200000| PB 0x00000000a5200000| Untracked |  0
|  45|0x00000000a5300000, 0x00000000a5300000, 0x00000000a5400000|  0%| F|  |TAMS 0x00000000a5300000| PB 0x00000000a5300000| Untracked |  0
|  46|0x00000000a5400000, 0x00000000a5400000, 0x00000000a5500000|  0%| F|  |TAMS 0x00000000a5400000| PB 0x00000000a5400000| Untracked |  0
|  47|0x00000000a5500000, 0x00000000a5500000, 0x00000000a5600000|  0%| F|  |TAMS 0x00000000a5500000| PB 0x00000000a5500000| Untracked |  0
|  48|0x00000000a5600000, 0x00000000a5600000, 0x00000000a5700000|  0%| F|  |TAMS 0x00000000a5600000| PB 0x00000000a5600000| Untracked |  0
|  49|0x00000000a5700000, 0x00000000a5700000, 0x00000000a5800000|  0%| F|  |TAMS 0x00000000a5700000| PB 0x00000000a5700000| Untracked |  0
|  50|0x00000000a5800000, 0x00000000a5800000, 0x00000000a5900000|  0%| F|  |TAMS 0x00000000a5800000| PB 0x00000000a5800000| Untracked |  0
|  51|0x00000000a5900000, 0x00000000a5900000, 0x00000000a5a00000|  0%| F|  |TAMS 0x00000000a5900000| PB 0x00000000a5900000| Untracked |  0
|  52|0x00000000a5a00000, 0x00000000a5a00000, 0x00000000a5b00000|  0%| F|  |TAMS 0x00000000a5a00000| PB 0x00000000a5a00000| Untracked |  0
|  53|0x00000000a5b00000, 0x00000000a5b00000, 0x00000000a5c00000|  0%| F|  |TAMS 0x00000000a5b00000| PB 0x00000000a5b00000| Untracked |  0
|  54|0x00000000a5c00000, 0x00000000a5c00000, 0x00000000a5d00000|  0%| F|  |TAMS 0x00000000a5c00000| PB 0x00000000a5c00000| Untracked |  0
|  55|0x00000000a5d00000, 0x00000000a5d00000, 0x00000000a5e00000|  0%| F|  |TAMS 0x00000000a5d00000| PB 0x00000000a5d00000| Untracked |  0
|  56|0x00000000a5e00000, 0x00000000a5e00000, 0x00000000a5f00000|  0%| F|  |TAMS 0x00000000a5e00000| PB 0x00000000a5e00000| Untracked |  0
|  57|0x00000000a5f00000, 0x00000000a5f00000, 0x00000000a6000000|  0%| F|  |TAMS 0x00000000a5f00000| PB 0x00000000a5f00000| Untracked |  0
|  58|0x00000000a6000000, 0x00000000a6000000, 0x00000000a6100000|  0%| F|  |TAMS 0x00000000a6000000| PB 0x00000000a6000000| Untracked |  0
|  59|0x00000000a6100000, 0x00000000a6100000, 0x00000000a6200000|  0%| F|  |TAMS 0x00000000a6100000| PB 0x00000000a6100000| Untracked |  0
|  60|0x00000000a6200000, 0x00000000a6200000, 0x00000000a6300000|  0%| F|  |TAMS 0x00000000a6200000| PB 0x00000000a6200000| Untracked |  0
|  61|0x00000000a6300000, 0x00000000a6300000, 0x00000000a6400000|  0%| F|  |TAMS 0x00000000a6300000| PB 0x00000000a6300000| Untracked |  0
|  62|0x00000000a6400000, 0x00000000a6400000, 0x00000000a6500000|  0%| F|  |TAMS 0x00000000a6400000| PB 0x00000000a6400000| Untracked |  0
|  63|0x00000000a6500000, 0x00000000a6500000, 0x00000000a6600000|  0%| F|  |TAMS 0x00000000a6500000| PB 0x00000000a6500000| Untracked |  0
|  64|0x00000000a6600000, 0x00000000a6600000, 0x00000000a6700000|  0%| F|  |TAMS 0x00000000a6600000| PB 0x00000000a6600000| Untracked |  0
|  65|0x00000000a6700000, 0x00000000a6700000, 0x00000000a6800000|  0%| F|  |TAMS 0x00000000a6700000| PB 0x00000000a6700000| Untracked |  0
|  66|0x00000000a6800000, 0x00000000a6800000, 0x00000000a6900000|  0%| F|  |TAMS 0x00000000a6800000| PB 0x00000000a6800000| Untracked |  0
|  67|0x00000000a6900000, 0x00000000a6900000, 0x00000000a6a00000|  0%| F|  |TAMS 0x00000000a6900000| PB 0x00000000a6900000| Untracked |  0
|  68|0x00000000a6a00000, 0x00000000a6a00000, 0x00000000a6b00000|  0%| F|  |TAMS 0x00000000a6a00000| PB 0x00000000a6a00000| Untracked |  0
|  69|0x00000000a6b00000, 0x00000000a6b00000, 0x00000000a6c00000|  0%| F|  |TAMS 0x00000000a6b00000| PB 0x00000000a6b00000| Untracked |  0
|  70|0x00000000a6c00000, 0x00000000a6c00000, 0x00000000a6d00000|  0%| F|  |TAMS 0x00000000a6c00000| PB 0x00000000a6c00000| Untracked |  0
|  71|0x00000000a6d00000, 0x00000000a6d00000, 0x00000000a6e00000|  0%| F|  |TAMS 0x00000000a6d00000| PB 0x00000000a6d00000| Untracked |  0
|  72|0x00000000a6e00000, 0x00000000a6e00000, 0x00000000a6f00000|  0%| F|  |TAMS 0x00000000a6e00000| PB 0x00000000a6e00000| Untracked |  0
|  73|0x00000000a6f00000, 0x00000000a6f00000, 0x00000000a7000000|  0%| F|  |TAMS 0x00000000a6f00000| PB 0x00000000a6f00000| Untracked |  0
|  74|0x00000000a7000000, 0x00000000a7000000, 0x00000000a7100000|  0%| F|  |TAMS 0x00000000a7000000| PB 0x00000000a7000000| Untracked |  0
|  75|0x00000000a7100000, 0x00000000a7100000, 0x00000000a7200000|  0%| F|  |TAMS 0x00000000a7100000| PB 0x00000000a7100000| Untracked |  0
|  76|0x00000000a7200000, 0x00000000a7200000, 0x00000000a7300000|  0%| F|  |TAMS 0x00000000a7200000| PB 0x00000000a7200000| Untracked |  0
|  77|0x00000000a7300000, 0x00000000a7300000, 0x00000000a7400000|  0%| F|  |TAMS 0x00000000a7300000| PB 0x00000000a7300000| Untracked |  0
|  78|0x00000000a7400000, 0x00000000a7400000, 0x00000000a7500000|  0%| F|  |TAMS 0x00000000a7400000| PB 0x00000000a7400000| Untracked |  0
|  79|0x00000000a7500000, 0x00000000a7500000, 0x00000000a7600000|  0%| F|  |TAMS 0x00000000a7500000| PB 0x00000000a7500000| Untracked |  0
|  80|0x00000000a7600000, 0x00000000a7600000, 0x00000000a7700000|  0%| F|  |TAMS 0x00000000a7600000| PB 0x00000000a7600000| Untracked |  0
|  81|0x00000000a7700000, 0x00000000a7700000, 0x00000000a7800000|  0%| F|  |TAMS 0x00000000a7700000| PB 0x00000000a7700000| Untracked |  0
|  82|0x00000000a7800000, 0x00000000a7800000, 0x00000000a7900000|  0%| F|  |TAMS 0x00000000a7800000| PB 0x00000000a7800000| Untracked |  0
|  83|0x00000000a7900000, 0x00000000a7900000, 0x00000000a7a00000|  0%| F|  |TAMS 0x00000000a7900000| PB 0x00000000a7900000| Untracked |  0
|  84|0x00000000a7a00000, 0x00000000a7a7c408, 0x00000000a7b00000| 48%| E|  |TAMS 0x00000000a7a00000| PB 0x00000000a7a00000| Complete |  0
|  85|0x00000000a7b00000, 0x00000000a7c00000, 0x00000000a7c00000|100%| E|CS|TAMS 0x00000000a7b00000| PB 0x00000000a7b00000| Complete |  0
|  86|0x00000000a7c00000, 0x00000000a7d00000, 0x00000000a7d00000|100%| E|CS|TAMS 0x00000000a7c00000| PB 0x00000000a7c00000| Complete |  0
|  87|0x00000000a7d00000, 0x00000000a7e00000, 0x00000000a7e00000|100%| E|CS|TAMS 0x00000000a7d00000| PB 0x00000000a7d00000| Complete |  0
|  88|0x00000000a7e00000, 0x00000000a7f00000, 0x00000000a7f00000|100%| E|CS|TAMS 0x00000000a7e00000| PB 0x00000000a7e00000| Complete |  0
|  89|0x00000000a7f00000, 0x00000000a8000000, 0x00000000a8000000|100%| E|CS|TAMS 0x00000000a7f00000| PB 0x00000000a7f00000| Complete |  0
|  90|0x00000000a8000000, 0x00000000a8100000, 0x00000000a8100000|100%| E|CS|TAMS 0x00000000a8000000| PB 0x00000000a8000000| Complete |  0
|  91|0x00000000a8100000, 0x00000000a8200000, 0x00000000a8200000|100%| E|CS|TAMS 0x00000000a8100000| PB 0x00000000a8100000| Complete |  0
|  92|0x00000000a8200000, 0x00000000a8300000, 0x00000000a8300000|100%| E|CS|TAMS 0x00000000a8200000| PB 0x00000000a8200000| Complete |  0
|  93|0x00000000a8300000, 0x00000000a8400000, 0x00000000a8400000|100%| E|CS|TAMS 0x00000000a8300000| PB 0x00000000a8300000| Complete |  0

Card table byte_map: [0x000001d47d600000,0x000001d47d8f0000] _byte_map_base: 0x000001d47d0ed000

Marking Bits: (CMBitMap*) 0x000001d4746c3d90
 Bits: [0x000001d47d8f0000, 0x000001d47f058000)

Polling page: 0x000001d4724e0000

Metaspace:

Usage:
  Non-class:      7.02 MB used.
      Class:    958.48 KB used.
       Both:      7.96 MB used.

Virtual space:
  Non-class space:       64.00 MB reserved,       7.12 MB ( 11%) committed,  1 nodes.
      Class space:        1.00 GB reserved,       1.06 MB ( <1%) committed,  1 nodes.
             Both:        1.06 GB reserved,       8.19 MB ( <1%) committed. 

Chunk freelists:
   Non-Class:  8.44 MB
       Class:  14.97 MB
        Both:  23.41 MB

MaxMetaspaceSize: unlimited
CompressedClassSpaceSize: 1.00 GB
Initial GC threshold: 21.00 MB
Current GC threshold: 21.00 MB
CDS: on
 - commit_granule_bytes: 65536.
 - commit_granule_words: 8192.
 - virtual_space_node_default_size: 8388608.
 - enlarge_chunks_in_place: 1.
 - use_allocation_guard: 0.


Internal statistics:

num_allocs_failed_limit: 0.
num_arena_births: 154.
num_arena_deaths: 0.
num_vsnodes_births: 2.
num_vsnodes_deaths: 0.
num_space_committed: 131.
num_space_uncommitted: 0.
num_chunks_returned_to_freelist: 0.
num_chunks_taken_from_freelist: 198.
num_chunk_merges: 0.
num_chunk_splits: 118.
num_chunks_enlarged: 51.
num_inconsistent_stats: 0.

CodeHeap 'non-profiled nmethods': size=120064Kb used=286Kb max_used=286Kb free=119777Kb
 bounds [0x000001d407ac0000, 0x000001d407d30000, 0x000001d40f000000]
CodeHeap 'profiled nmethods': size=120000Kb used=1109Kb max_used=1109Kb free=118890Kb
 bounds [0x000001d400000000, 0x000001d400270000, 0x000001d407530000]
CodeHeap 'non-nmethods': size=5696Kb used=1527Kb max_used=1540Kb free=4169Kb
 bounds [0x000001d407530000, 0x000001d4077a0000, 0x000001d407ac0000]
CodeCache: size=245760Kb, used=2922Kb, max_used=2935Kb, free=242836Kb
 total_blobs=1640, nmethods=1027, adapters=519, full_count=0
Compilation: enabled, stopped_count=0, restarted_count=0

Compilation events (20 events):
Event: 0.468 Thread 0x000001d47fc9d4b0 1013       1       javax.swing.GroupLayout$ComponentSpring::getOrigin (5 bytes)
Event: 0.468 Thread 0x000001d47fc9d4b0 nmethod 1013 0x000001d407b06f08 code [0x000001d407b07020, 0x000001d407b070e8]
Event: 0.468 Thread 0x000001d47fc9d4b0 1019       3       java.lang.String::substring (10 bytes)
Event: 0.468 Thread 0x000001d47fc9d4b0 nmethod 1019 0x000001d400110c88 code [0x000001d400110dc0, 0x000001d400110ff8]
Event: 0.468 Thread 0x000001d47fc9d4b0 1020       1       javax.swing.JButton::getUIClassID (3 bytes)
Event: 0.468 Thread 0x000001d47fc9d4b0 nmethod 1020 0x000001d407b07208 code [0x000001d407b07320, 0x000001d407b073f0]
Event: 0.468 Thread 0x000001d47fc9d4b0 1021       3       javax.swing.GroupLayout$Spring::setSize (16 bytes)
Event: 0.469 Thread 0x000001d47fc9d4b0 nmethod 1021 0x000001d400111088 code [0x000001d4001111a0, 0x000001d4001113a0]
Event: 0.469 Thread 0x000001d47fc9d4b0 1022       3       javax.swing.GroupLayout$Spring::getMaximumSize (27 bytes)
Event: 0.469 Thread 0x000001d47fc9d4b0 nmethod 1022 0x000001d400111408 code [0x000001d400111540, 0x000001d4001118d0]
Event: 0.469 Thread 0x000001d47fc9d4b0 1024       3       javax.swing.GroupLayout$Spring::unset (22 bytes)
Event: 0.469 Thread 0x000001d47fc9d4b0 nmethod 1024 0x000001d400111908 code [0x000001d400111a20, 0x000001d400111b48]
Event: 0.469 Thread 0x000001d47fc9d4b0 1023       3       javax.swing.plaf.synth.Region::getUItoRegionMap (578 bytes)
Event: 0.470 Thread 0x000001d47fc9d4b0 nmethod 1023 0x000001d400111c08 code [0x000001d400112100, 0x000001d400114a00]
Event: 0.470 Thread 0x000001d47fc9d4b0 1025       3       javax.swing.GroupLayout::getComponentInfo (62 bytes)
Event: 0.471 Thread 0x000001d47fc9d4b0 nmethod 1025 0x000001d400114a88 code [0x000001d400114c20, 0x000001d400115428]
Event: 0.471 Thread 0x000001d47fc9d4b0 1026       1       java.util.concurrent.locks.AbstractOwnableSynchronizer::getExclusiveOwnerThread (5 bytes)
Event: 0.471 Thread 0x000001d47fc9d4b0 nmethod 1026 0x000001d407b07508 code [0x000001d407b07620, 0x000001d407b076e8]
Event: 0.472 Thread 0x000001d45611e690 1027       4       java.util.zip.ZipUtils::LG (22 bytes)
Event: 0.473 Thread 0x000001d45611e690 nmethod 1027 0x000001d407b07808 code [0x000001d407b07900, 0x000001d407b07a10]

GC Heap History (0 events):
No events

Dll operation events (11 events):
Event: 0.007 Loaded shared library C:\Program Files\Java\jdk-23\bin\java.dll
Event: 0.032 Loaded shared library C:\Program Files\Java\jdk-23\bin\jsvml.dll
Event: 0.058 Loaded shared library C:\Program Files\Java\jdk-23\bin\net.dll
Event: 0.060 Loaded shared library C:\Program Files\Java\jdk-23\bin\nio.dll
Event: 0.076 Loaded shared library C:\Program Files\Java\jdk-23\bin\zip.dll
Event: 0.088 Loaded shared library C:\Program Files\Java\jdk-23\bin\jimage.dll
Event: 0.105 Loaded shared library C:\Program Files\Java\jdk-23\bin\awt.dll
Event: 0.212 Loaded shared library C:\Program Files\Java\jdk-23\bin\freetype.dll
Event: 0.213 Loaded shared library C:\Program Files\Java\jdk-23\bin\fontmanager.dll
Event: 0.471 Loaded shared library C:\Program Files\Java\jdk-23\bin\verify.dll
Event: 0.475 Loaded shared library C:\Users\ALEJO\.jssc\windows\jSSC-2.8_x86_64.dll

Deoptimization events (20 events):
Event: 0.337 Thread 0x000001d47fc87700 Uncommon trap: trap_request=0xffffffde fr.pc=0x000001d407aeff9c relative=0x0000000000000bbc
Event: 0.337 Thread 0x000001d47fc87700 Uncommon trap: reason=class_check action=maybe_recompile pc=0x000001d407aeff9c method=java.util.HashMap.putVal(ILjava/lang/Object;Ljava/lang/Object;ZZ)Ljava/lang/Object; @ 106 c2
Event: 0.337 Thread 0x000001d47fc87700 DEOPT PACKING pc=0x000001d407aeff9c sp=0x0000004ed74fe220
Event: 0.337 Thread 0x000001d47fc87700 DEOPT UNPACKING pc=0x000001d407584402 sp=0x0000004ed74fe170 mode 2
Event: 0.337 Thread 0x000001d47fc87700 Uncommon trap: trap_request=0xffffffde fr.pc=0x000001d407aeff9c relative=0x0000000000000bbc
Event: 0.337 Thread 0x000001d47fc87700 Uncommon trap: reason=class_check action=maybe_recompile pc=0x000001d407aeff9c method=java.util.HashMap.putVal(ILjava/lang/Object;Ljava/lang/Object;ZZ)Ljava/lang/Object; @ 106 c2
Event: 0.337 Thread 0x000001d47fc87700 DEOPT PACKING pc=0x000001d407aeff9c sp=0x0000004ed74fe220
Event: 0.337 Thread 0x000001d47fc87700 DEOPT UNPACKING pc=0x000001d407584402 sp=0x0000004ed74fe170 mode 2
Event: 0.337 Thread 0x000001d47fc87700 Uncommon trap: trap_request=0xffffffde fr.pc=0x000001d407aeff9c relative=0x0000000000000bbc
Event: 0.337 Thread 0x000001d47fc87700 Uncommon trap: reason=class_check action=maybe_recompile pc=0x000001d407aeff9c method=java.util.HashMap.putVal(ILjava/lang/Object;Ljava/lang/Object;ZZ)Ljava/lang/Object; @ 106 c2
Event: 0.337 Thread 0x000001d47fc87700 DEOPT PACKING pc=0x000001d407aeff9c sp=0x0000004ed74fe220
Event: 0.337 Thread 0x000001d47fc87700 DEOPT UNPACKING pc=0x000001d407584402 sp=0x0000004ed74fe170 mode 2
Event: 0.337 Thread 0x000001d47fc87700 Uncommon trap: trap_request=0xffffffde fr.pc=0x000001d407aeff9c relative=0x0000000000000bbc
Event: 0.337 Thread 0x000001d47fc87700 Uncommon trap: reason=class_check action=maybe_recompile pc=0x000001d407aeff9c method=java.util.HashMap.putVal(ILjava/lang/Object;Ljava/lang/Object;ZZ)Ljava/lang/Object; @ 106 c2
Event: 0.337 Thread 0x000001d47fc87700 DEOPT PACKING pc=0x000001d407aeff9c sp=0x0000004ed74fe220
Event: 0.337 Thread 0x000001d47fc87700 DEOPT UNPACKING pc=0x000001d407584402 sp=0x0000004ed74fe170 mode 2
Event: 0.428 Thread 0x000001d47fc87700 Uncommon trap: trap_request=0xffffff45 fr.pc=0x000001d407afe368 relative=0x00000000000004a8
Event: 0.428 Thread 0x000001d47fc87700 Uncommon trap: reason=unstable_if action=reinterpret pc=0x000001d407afe368 method=java.lang.CharacterDataLatin1.isUpperCase(I)Z @ 7 c2
Event: 0.428 Thread 0x000001d47fc87700 DEOPT PACKING pc=0x000001d407afe368 sp=0x0000004ed74fc8a0
Event: 0.428 Thread 0x000001d47fc87700 DEOPT UNPACKING pc=0x000001d407584402 sp=0x0000004ed74fc7b8 mode 2

Classes loaded (20 events):
Event: 0.452 Loading class javax/swing/LayoutStyle
Event: 0.453 Loading class javax/swing/LayoutStyle done
Event: 0.453 Loading class sun/swing/DefaultLayoutStyle
Event: 0.453 Loading class sun/swing/DefaultLayoutStyle done
Event: 0.453 Loading class javax/swing/GroupLayout$SpringDelta
Event: 0.453 Loading class javax/swing/GroupLayout$SpringDelta done
Event: 0.453 Loading class sun/font/SunFontManager$4
Event: 0.453 Loading class sun/font/SunFontManager$4 done
Event: 0.465 Loading class java/awt/Component$BaselineResizeBehavior
Event: 0.465 Loading class java/awt/Component$BaselineResizeBehavior done
Event: 0.465 Loading class javax/swing/GroupLayout$1
Event: 0.465 Loading class javax/swing/GroupLayout$1 done
Event: 0.472 Loading class java/lang/InterruptedException
Event: 0.472 Loading class java/lang/InterruptedException done
Event: 0.473 Loading class java/lang/SecurityException
Event: 0.473 Loading class java/lang/SecurityException done
Event: 0.474 Loading class java/io/Reader
Event: 0.474 Loading class java/io/Reader done
Event: 0.474 Loading class java/io/InputStreamReader
Event: 0.474 Loading class java/io/InputStreamReader done

Classes unloaded (0 events):
No events

Classes redefined (0 events):
No events

Internal exceptions (20 events):
Event: 0.243 Thread 0x000001d47237cd90 Exception <a 'java/lang/ClassNotFoundException'{0x00000000a7e7a450}: Button> (0x00000000a7e7a450) 
thrown [s\open\src\hotspot\share\classfile\systemDictionary.cpp, line 313]
Event: 0.243 Thread 0x000001d47237cd90 Exception <a 'java/lang/ClassNotFoundException'{0x00000000a7e7a918}: ToolBar> (0x00000000a7e7a918) 
thrown [s\open\src\hotspot\share\classfile\systemDictionary.cpp, line 313]
Event: 0.243 Thread 0x000001d47237cd90 Exception <a 'java/lang/ClassNotFoundException'{0x00000000a7e7aed0}: ToggleButton> (0x00000000a7e7aed0) 
thrown [s\open\src\hotspot\share\classfile\systemDictionary.cpp, line 313]
Event: 0.244 Thread 0x000001d47237cd90 Exception <a 'java/lang/ClassNotFoundException'{0x00000000a7e7b310}: javax/swing/JToolBarSeparator> (0x00000000a7e7b310) 
thrown [s\open\src\hotspot\share\classfile\systemDictionary.cpp, line 313]
Event: 0.244 Thread 0x000001d47237cd90 Exception <a 'java/lang/ClassNotFoundException'{0x00000000a7e7b620}: ToolBarSeparator> (0x00000000a7e7b620) 
thrown [s\open\src\hotspot\share\classfile\systemDictionary.cpp, line 313]
Event: 0.244 Thread 0x000001d47237cd90 Exception <a 'java/lang/ClassNotFoundException'{0x00000000a7e7bb38}: ToolTip> (0x00000000a7e7bb38) 
thrown [s\open\src\hotspot\share\classfile\systemDictionary.cpp, line 313]
Event: 0.244 Thread 0x000001d47237cd90 Exception <a 'java/lang/ClassNotFoundException'{0x00000000a7e7c488}: Tree> (0x00000000a7e7c488) 
thrown [s\open\src\hotspot\share\classfile\systemDictionary.cpp, line 313]
Event: 0.244 Thread 0x000001d47237cd90 Exception <a 'java/lang/ClassNotFoundException'{0x00000000a7e7c980}: Tree> (0x00000000a7e7c980) 
thrown [s\open\src\hotspot\share\classfile\systemDictionary.cpp, line 313]
Event: 0.244 Thread 0x000001d47237cd90 Exception <a 'java/lang/ClassNotFoundException'{0x00000000a7e7ccf0}: javax/swing/JTreeCell> (0x00000000a7e7ccf0) 
thrown [s\open\src\hotspot\share\classfile\systemDictionary.cpp, line 313]
Event: 0.244 Thread 0x000001d47237cd90 Exception <a 'java/lang/ClassNotFoundException'{0x00000000a7e7cff8}: TreeCell> (0x00000000a7e7cff8) 
thrown [s\open\src\hotspot\share\classfile\systemDictionary.cpp, line 313]
Event: 0.245 Thread 0x000001d47237cd90 Exception <a 'java/lang/ClassNotFoundException'{0x00000000a7e7d7b0}: RootPane> (0x00000000a7e7d7b0) 
thrown [s\open\src\hotspot\share\classfile\systemDictionary.cpp, line 313]
Event: 0.246 Thread 0x000001d47237cd90 Exception <a 'java/lang/ClassNotFoundException'{0x00000000a7e80610}: com/sun/swing/internal/plaf/metal/resources/spi/metalProvider> (0x00000000a7e80610) 
thrown [s\open\src\hotspot\share\classfile\systemDictionary.cpp, line 313]
Event: 0.247 Thread 0x000001d47237cd90 Exception <a 'java/lang/ClassNotFoundException'{0x00000000a7e84370}: com/sun/swing/internal/plaf/basic/resources/spi/basicProvider> (0x00000000a7e84370) 
thrown [s\open\src\hotspot\share\classfile\systemDictionary.cpp, line 313]
Event: 0.313 Thread 0x000001d47fc87700 Exception <a 'java/lang/ClassNotFoundException'{0x00000000a7d864f0}: com/sun/swing/internal/plaf/synth/resources/spi/synthProvider> (0x00000000a7d864f0) 
thrown [s\open\src\hotspot\share\classfile\systemDictionary.cpp, line 313]
Event: 0.327 Thread 0x000001d47fc87700 Exception <a 'java/lang/NoSuchMethodError'{0x00000000a7dc9f68}: 'int java.lang.invoke.Invokers$Holder.invokeExact_MT(java.lang.Object, java.lang.Object)'> (0x00000000a7dc9f68) 
thrown [s\open\src\hotspot\share\interpreter\linkResolver.cpp, line 796]
Event: 0.333 Thread 0x000001d47fc87700 Exception <a 'java/lang/NoSuchMethodError'{0x00000000a7dea5c0}: 'java.lang.Object java.lang.invoke.DirectMethodHandle$Holder.newInvokeSpecial(java.lang.Object, java.lang.Object, int)'> (0x00000000a7dea5c0) 
thrown [s\open\src\hotspot\share\interpreter\linkResolver.cpp, line 796]
Event: 0.334 Thread 0x000001d47fc87700 Exception <a 'java/lang/NoSuchMethodError'{0x00000000a7dff170}: 'java.lang.Object java.lang.invoke.DirectMethodHandle$Holder.invokeStatic(java.lang.Object, java.lang.Object, java.lang.Object, java.lang.Object, int)'> (0x00000000a7dff170) 
thrown [s\open\src\hotspot\share\interpreter\linkResolver.cpp, line 796]
Event: 0.336 Thread 0x000001d47fc87700 Exception <a 'java/lang/NoSuchMethodError'{0x00000000a7c07b38}: 'int java.lang.invoke.DirectMethodHandle$Holder.invokeSpecial(java.lang.Object, java.lang.Object, java.lang.Object)'> (0x00000000a7c07b38) 
thrown [s\open\src\hotspot\share\interpreter\linkResolver.cpp, line 796]
Event: 0.356 Thread 0x000001d47fc86350 Exception <a 'java/lang/NoSuchMethodError'{0x00000000a7f0e888}: 'void java.lang.invoke.DirectMethodHandle$Holder.invokeVirtual(java.lang.Object, java.lang.Object)'> (0x00000000a7f0e888) 
thrown [s\open\src\hotspot\share\interpreter\linkResolver.cpp, line 796]
Event: 0.371 Thread 0x000001d47fc87700 Exception <a 'java/lang/NoSuchMethodError'{0x00000000a7c50cb0}: 'void java.lang.invoke.DirectMethodHandle$Holder.invokeStaticInit(java.lang.Object)'> (0x00000000a7c50cb0) 
thrown [s\open\src\hotspot\share\interpreter\linkResolver.cpp, line 796]

VM Operations (8 events):
Event: 0.063 Executing VM operation: HandshakeAllThreads (Deoptimize)
Event: 0.063 Executing VM operation: HandshakeAllThreads (Deoptimize) done
Event: 0.126 Executing VM operation: HandshakeAllThreads (Deoptimize)
Event: 0.126 Executing VM operation: HandshakeAllThreads (Deoptimize) done
Event: 0.361 Executing VM operation: HandshakeAllThreads (Deoptimize)
Event: 0.361 Executing VM operation: HandshakeAllThreads (Deoptimize) done
Event: 0.449 Executing VM operation: HandshakeAllThreads (Deoptimize)
Event: 0.449 Executing VM operation: HandshakeAllThreads (Deoptimize) done

Memory protections (0 events):
No events

Nmethod flushes (0 events):
No events

Events (18 events):
Event: 0.019 Thread 0x000001d47237cd90 Thread added: 0x000001d47237cd90
Event: 0.030 Thread 0x000001d47237cd90 Thread added: 0x000001d47fc76570
Event: 0.030 Thread 0x000001d47237cd90 Thread added: 0x000001d47fc77330
Event: 0.030 Thread 0x000001d47237cd90 Thread added: 0x000001d47fc7be70
Event: 0.030 Thread 0x000001d47237cd90 Thread added: 0x000001d47fc7ea10
Event: 0.030 Thread 0x000001d47237cd90 Thread added: 0x000001d47fc837d0
Event: 0.030 Thread 0x000001d47237cd90 Thread added: 0x000001d47fc84910
Event: 0.030 Thread 0x000001d47237cd90 Thread added: 0x000001d47fc8a8d0
Event: 0.030 Thread 0x000001d47237cd90 Thread added: 0x000001d47fc9d4b0
Event: 0.049 Thread 0x000001d47237cd90 Thread added: 0x000001d47fc84280
Event: 0.069 Thread 0x000001d47fc9d4b0 Thread added: 0x000001d45611e690
Event: 0.072 Thread 0x000001d47237cd90 Thread added: 0x000001d47fc869e0
Event: 0.150 Thread 0x000001d47237cd90 Thread added: 0x000001d47fc87070
Event: 0.151 Thread 0x000001d47237cd90 Thread added: 0x000001d47fc85cc0
Event: 0.152 Thread 0x000001d47237cd90 Thread added: 0x000001d47fc86350
Event: 0.256 Thread 0x000001d47237cd90 Thread added: 0x000001d47fc87700
Event: 0.257 Thread 0x000001d47237cd90 Thread exited: 0x000001d47237cd90
Event: 0.257 Thread 0x000001d47fc84fa0 Thread added: 0x000001d47fc84fa0


Dynamic libraries:
0x00007ff6fd510000 - 0x00007ff6fd520000 	C:\Program Files\Java\jdk-23\bin\java.exe
0x00007ffd9b410000 - 0x00007ffd9b627000 	C:\Windows\SYSTEM32\ntdll.dll
0x00007ffd9a040000 - 0x00007ffd9a104000 	C:\Windows\System32\KERNEL32.DLL
0x00007ffd98550000 - 0x00007ffd98921000 	C:\Windows\System32\KERNELBASE.dll
0x00007ffd98ea0000 - 0x00007ffd98fb1000 	C:\Windows\System32\ucrtbase.dll
0x00007ffd8fe80000 - 0x00007ffd8fe97000 	C:\Program Files\Java\jdk-23\bin\jli.dll
0x00007ffd92f00000 - 0x00007ffd92f1b000 	C:\Program Files\Java\jdk-23\bin\VCRUNTIME140.dll
0x00007ffd9ad50000 - 0x00007ffd9af01000 	C:\Windows\System32\USER32.dll
0x00007ffd98a60000 - 0x00007ffd98a86000 	C:\Windows\System32\win32u.dll
0x00007ffd99b20000 - 0x00007ffd99b49000 	C:\Windows\System32\GDI32.dll
0x00007ffd98fc0000 - 0x00007ffd990db000 	C:\Windows\System32\gdi32full.dll
0x00007ffd98d40000 - 0x00007ffd98dda000 	C:\Windows\System32\msvcp_win.dll
0x00007ffd97830000 - 0x00007ffd97ac2000 	C:\Windows\WinSxS\amd64_microsoft.windows.common-controls_6595b64144ccf1df_6.0.22621.4830_none_270fe7d773858e80\COMCTL32.dll
0x00007ffd999d0000 - 0x00007ffd99a77000 	C:\Windows\System32\msvcrt.dll
0x00007ffd99720000 - 0x00007ffd99751000 	C:\Windows\System32\IMM32.DLL
0x00007ffd97d10000 - 0x00007ffd97d1c000 	C:\Program Files\Java\jdk-23\bin\vcruntime140_1.dll
0x00007ffd8cde0000 - 0x00007ffd8ce6e000 	C:\Program Files\Java\jdk-23\bin\msvcp140.dll
0x00007ffd274b0000 - 0x00007ffd28200000 	C:\Program Files\Java\jdk-23\bin\server\jvm.dll
0x00007ffd9b150000 - 0x00007ffd9b201000 	C:\Windows\System32\ADVAPI32.dll
0x00007ffd9aca0000 - 0x00007ffd9ad47000 	C:\Windows\System32\sechost.dll
0x00007ffd989b0000 - 0x00007ffd989d8000 	C:\Windows\System32\bcrypt.dll
0x00007ffd99760000 - 0x00007ffd99874000 	C:\Windows\System32\RPCRT4.dll
0x00007ffd99aa0000 - 0x00007ffd99b11000 	C:\Windows\System32\WS2_32.dll
0x00007ffd92c20000 - 0x00007ffd92c54000 	C:\Windows\SYSTEM32\WINMM.dll
0x00007ffd8fd60000 - 0x00007ffd8fd6a000 	C:\Windows\SYSTEM32\VERSION.dll
0x00007ffd98420000 - 0x00007ffd9846d000 	C:\Windows\SYSTEM32\POWRPROF.dll
0x00007ffd98400000 - 0x00007ffd98413000 	C:\Windows\SYSTEM32\UMPDC.dll
0x00007ffd96cc0000 - 0x00007ffd96cd8000 	C:\Windows\SYSTEM32\kernel.appcore.dll
0x00007ffd94bc0000 - 0x00007ffd94bca000 	C:\Program Files\Java\jdk-23\bin\jimage.dll
0x00007ffd97dc0000 - 0x00007ffd97ff2000 	C:\Windows\SYSTEM32\DBGHELP.DLL
0x00007ffd99ba0000 - 0x00007ffd99f30000 	C:\Windows\System32\combase.dll
0x00007ffd99880000 - 0x00007ffd99957000 	C:\Windows\System32\OLEAUT32.dll
0x00007ffd97cb0000 - 0x00007ffd97ce2000 	C:\Windows\SYSTEM32\dbgcore.DLL
0x00007ffd989e0000 - 0x00007ffd98a5b000 	C:\Windows\System32\bcryptPrimitives.dll
0x00007ffd92e90000 - 0x00007ffd92eae000 	C:\Program Files\Java\jdk-23\bin\java.dll
0x00007ffd9a1a0000 - 0x00007ffd9a341000 	C:\Windows\System32\ole32.dll
0x00007ffd9a380000 - 0x00007ffd9ac08000 	C:\Windows\System32\SHELL32.dll
0x00007ffd98c00000 - 0x00007ffd98d3f000 	C:\Windows\System32\wintypes.dll
0x00007ffd95a50000 - 0x00007ffd9635d000 	C:\Windows\SYSTEM32\windows.storage.dll
0x00007ffd99f30000 - 0x00007ffd9a03a000 	C:\Windows\System32\SHCORE.dll
0x00007ffd9b0e0000 - 0x00007ffd9b13e000 	C:\Windows\System32\shlwapi.dll
0x00007ffd98480000 - 0x00007ffd984ab000 	C:\Windows\SYSTEM32\profapi.dll
0x00007ffd8ce70000 - 0x00007ffd8cf47000 	C:\Program Files\Java\jdk-23\bin\jsvml.dll
0x00007ffd92e80000 - 0x00007ffd92e90000 	C:\Program Files\Java\jdk-23\bin\net.dll
0x00007ffd970f0000 - 0x00007ffd9715a000 	C:\Windows\system32\mswsock.dll
0x00007ffd8f730000 - 0x00007ffd8f746000 	C:\Program Files\Java\jdk-23\bin\nio.dll
0x00007ffd8f4d0000 - 0x00007ffd8f4e7000 	C:\Program Files\Java\jdk-23\bin\zip.dll
0x00007ffd3f390000 - 0x00007ffd3f51e000 	C:\Program Files\Java\jdk-23\bin\awt.dll
0x00007ffd91f30000 - 0x00007ffd91fc7000 	C:\Windows\SYSTEM32\apphelp.dll
0x00007ffd94eb0000 - 0x00007ffd94f63000 	C:\Windows\system32\uxtheme.dll
0x00007ffd9af20000 - 0x00007ffd9b07d000 	C:\Windows\System32\MSCTF.dll
0x00007ffd950f0000 - 0x00007ffd9511b000 	C:\Windows\system32\DWMAPI.DLL
0x00007ffd6fda0000 - 0x00007ffd6fe27000 	C:\Program Files\Java\jdk-23\bin\freetype.dll
0x00007ffd6fcc0000 - 0x00007ffd6fd97000 	C:\Program Files\Java\jdk-23\bin\fontmanager.dll
0x00007ffd54540000 - 0x00007ffd54640000 	C:\Windows\system32\opengl32.dll
0x00007ffd57bc0000 - 0x00007ffd57bed000 	C:\Windows\SYSTEM32\GLU32.dll
0x00007ffd94fa0000 - 0x00007ffd94fd7000 	C:\Windows\SYSTEM32\dxcore.dll
0x00007ffd54eb0000 - 0x00007ffd55058000 	C:\Windows\system32\d3d9.dll
0x00007ffd8a350000 - 0x00007ffd8a50b000 	C:\Windows\System32\DriverStore\FileRepository\u0404276.inf_amd64_b6ae906c9d4ab767\B403905\aticfx64.dll
0x00007ffd8f480000 - 0x00007ffd8f4b4000 	C:\Windows\System32\DriverStore\FileRepository\u0404276.inf_amd64_b6ae906c9d4ab767\B403905\atiu9p64.dll
0x00007ffd259f0000 - 0x00007ffd26737000 	C:\Windows\System32\DriverStore\FileRepository\u0404276.inf_amd64_b6ae906c9d4ab767\B403905\atiumd64.dll
0x0000000070020000 - 0x0000000070f33000 	C:\Windows\System32\DriverStore\FileRepository\u0404276.inf_amd64_b6ae906c9d4ab767\B403905\atiumd6a.dll
0x00007ffd990e0000 - 0x00007ffd99554000 	C:\Windows\System32\SETUPAPI.dll
0x00007ffd881c0000 - 0x00007ffd881f5000 	C:\Windows\SYSTEM32\amdihk64.dll
0x00007ffd8e7f0000 - 0x00007ffd8e839000 	C:\Windows\SYSTEM32\directxdatabasehelper.dll
0x00007ffd92da0000 - 0x00007ffd92db0000 	C:\Program Files\Java\jdk-23\bin\verify.dll
0x0000000071100000 - 0x0000000071125000 	C:\Users\ALEJO\.jssc\windows\jSSC-2.8_x86_64.dll

dbghelp: loaded successfully - version: 4.0.5 - missing functions: none
symbol engine: initialized successfully - sym options: 0x614 - pdb path: .;C:\Program Files\Java\jdk-23\bin;C:\Windows\SYSTEM32;C:\Windows\WinSxS\amd64_microsoft.windows.common-controls_6595b64144ccf1df_6.0.22621.4830_none_270fe7d773858e80;C:\Program Files\Java\jdk-23\bin\server;C:\Windows\System32\DriverStore\FileRepository\u0404276.inf_amd64_b6ae906c9d4ab767\B403905;C:\Users\ALEJO\.jssc\windows

VM Arguments:
jvm_args: -Dfile.encoding=UTF-8 --module-path=C:\Users\ALEJO\Documents\NetBeansProjects\softwareMotor\build\classes 
java_command: softwaremotor.Home
java_class_path (initial): C:\Users\ALEJO\Documents\NetBeansProjects\softwareMotor\lib\PanamaHitek_Arduino-3.2.1-javadoc.jar;C:\Users\ALEJO\Documents\NetBeansProjects\softwareMotor\lib\PanamaHitek_Arduino-3.2.1-sources.jar;C:\Users\ALEJO\Documents\NetBeansProjects\softwareMotor\lib\PanamaHitek_Arduino-3.2.1.jar;C:\Users\ALEJO\Documents\NetBeansProjects\softwareMotor\lib\jssc-2.8.0.jar;C:\Users\ALEJO\Documents\NetBeansProjects\softwareMotor\lib\mysql-connector-j-9.2.0.jar;C:\Users\ALEJO\Documents\NetBeansProjects\softwareMotor\build\classes
Launcher Type: SUN_STANDARD

[Global flags]
     intx CICompilerCount                          = 4                                         {product} {ergonomic}
     uint ConcGCThreads                            = 3                                         {product} {ergonomic}
     uint G1ConcRefinementThreads                  = 10                                        {product} {ergonomic}
   size_t G1HeapRegionSize                         = 1048576                                   {product} {ergonomic}
   size_t InitialHeapSize                          = 98566144                                  {product} {ergonomic}
   size_t MarkStackSize                            = 4194304                                   {product} {ergonomic}
   size_t MarkStackSizeMax                         = 536870912                                 {product} {ergonomic}
   size_t MaxHeapSize                              = 1570766848                                {product} {ergonomic}
   size_t MaxNewSize                               = 941621248                                 {product} {ergonomic}
   size_t MinHeapDeltaBytes                        = 1048576                                   {product} {ergonomic}
   size_t MinHeapSize                              = 8388608                                   {product} {ergonomic}
    uintx NonNMethodCodeHeapSize                   = 5832704                                {pd product} {ergonomic}
    uintx NonProfiledCodeHeapSize                  = 122945536                              {pd product} {ergonomic}
    uintx ProfiledCodeHeapSize                     = 122880000                              {pd product} {ergonomic}
    uintx ReservedCodeCacheSize                    = 251658240                              {pd product} {ergonomic}
     bool SegmentedCodeCache                       = true                                      {product} {ergonomic}
   size_t SoftMaxHeapSize                          = 1570766848                             {manageable} {ergonomic}
     bool UseCompressedOops                        = true                           {product lp64_product} {ergonomic}
     bool UseG1GC                                  = true                                      {product} {ergonomic}
     bool UseLargePagesIndividualAllocation        = false                                  {pd product} {ergonomic}

Logging:
Log output configuration:
 #0: stdout all=warning uptime,level,tags foldmultilines=false
 #1: stderr all=off uptime,level,tags foldmultilines=false

Environment Variables:
PATH=C:\Program Files\Common Files\Oracle\Java\javapath;C:\Python313\Scripts\;C:\Python313\;C:\Windows\system32;C:\Windows;C:\Windows\System32\Wbem;C:\Windows\System32\WindowsPowerShell\v1.0\;C:\Windows\System32\OpenSSH\;C:\ProgramData\chocolatey\bin;C:\Program Files\nodejs\;C:\Users\ALEJO\AppData\Local\Microsoft\WindowsApps;D:\Users\ALEJO\AppData\Local\Programs\Microsoft VS Code\bin;C:\Users\ALEJO\AppData\Roaming\npm;C:\Program Files\Java\jdk-23\bin;C:\Program Files\PortableGit\bin;
USERNAME=ALEJO
OS=Windows_NT
PROCESSOR_IDENTIFIER=AMD64 Family 23 Model 104 Stepping 1, AuthenticAMD
TMP=C:\Users\ALEJO\AppData\Local\Temp
TEMP=C:\Users\ALEJO\AppData\Local\Temp




Periodic native trim disabled

---------------  S Y S T E M  ---------------

OS:
 Windows 11 , 64 bit Build 22621 (10.0.22621.4974)
OS uptime: 2 days 21:45 hours

CPU: total 12 (initial active 12) (12 cores per cpu, 2 threads per core) family 23 model 104 stepping 1 microcode 0x0, cx8, cmov, fxsr, ht, mmx, 3dnowpref, sse, sse2, sse3, ssse3, sse4a, sse4.1, sse4.2, popcnt, lzcnt, tsc, tscinvbit, avx, avx2, aes, clmul, bmi1, bmi2, adx, sha, fma, vzeroupper, clflush, clflushopt, rdtscp, rdpid, f16c
Processor Information for processor 0
  Max Mhz: 2100, Current Mhz: 1988, Mhz Limit: 2100
Processor Information for processor 1
  Max Mhz: 2100, Current Mhz: 1988, Mhz Limit: 2100
Processor Information for processor 2
  Max Mhz: 2100, Current Mhz: 1988, Mhz Limit: 2100
Processor Information for processor 3
  Max Mhz: 2100, Current Mhz: 1988, Mhz Limit: 2100
Processor Information for processor 4
  Max Mhz: 2100, Current Mhz: 1988, Mhz Limit: 2100
Processor Information for processor 5
  Max Mhz: 2100, Current Mhz: 1988, Mhz Limit: 2100
Processor Information for processor 6
  Max Mhz: 2100, Current Mhz: 1988, Mhz Limit: 2100
Processor Information for processor 7
  Max Mhz: 2100, Current Mhz: 2100, Mhz Limit: 2100
Processor Information for processor 8
  Max Mhz: 2100, Current Mhz: 1988, Mhz Limit: 2100
Processor Information for processor 9
  Max Mhz: 2100, Current Mhz: 1988, Mhz Limit: 2100
Processor Information for processor 10
  Max Mhz: 2100, Current Mhz: 1988, Mhz Limit: 2100
Processor Information for processor 11
  Max Mhz: 2100, Current Mhz: 1988, Mhz Limit: 2100

Memory: 4k page, system-wide physical 5989M (666M free)
TotalPageFile size 12322M (AvailPageFile size 1875M)
current process WorkingSet (physical memory assigned to process): 75M, peak: 75M
current process commit charge ("private bytes"): 209M, peak: 209M

vm_info: Java HotSpot(TM) 64-Bit Server VM (23.0.2+7-58) for windows-amd64 JRE (23.0.2+7-58), built on 2024-11-29T09:34:55Z with MS VC++ 17.6 (VS2022)

END.
